::1 - - [12/Jan/2021:15:29:16 +0000] "GET /health HTTP/1.1" 200 2762
::1 - - [12/Jan/2021:15:29:17 +0000] "GET /node/resources-images/404.gif HTTP/1.1" 200 2762
::1 - - [12/Jan/2021:15:29:17 +0000] "GET /node/resources-images/404.gif HTTP/1.1" 304 -
::1 - - [12/Jan/2021:15:29:18 +0000] "GET /node/resources-images/404.gif HTTP/1.1" 304 -
::1 - - [12/Jan/2021:15:29:30 +0000] "GET /console/health HTTP/1.1" 200 16
::1 - - [12/Jan/2021:15:30:34 +0000] "GET /console/logs HTTP/1.1" 200 414
::1 - - [12/Jan/2021:15:31:30 +0000] "GET /console/health HTTP/1.1" 200 16
::1 - - [12/Jan/2021:15:31:30 +0000] "GET /favicon.ico HTTP/1.1" 200 2762
::1 - - [13/Jan/2021:12:12:43 +0000] "GET /console/logs HTTP/1.1" 200 637
::1 - - [13/Jan/2021:12:12:48 +0000] "GET /console/health HTTP/1.1" 500 148
::1 - - [13/Jan/2021:12:14:09 +0000] "GET /console/health HTTP/1.1" 200 16
::1 - - [13/Jan/2021:12:57:29 +0000] "GET / HTTP/1.1" 500 148
::1 - - [13/Jan/2021:12:57:29 +0000] "GET /favicon.ico HTTP/1.1" 500 148
::1 - - [13/Jan/2021:12:58:40 +0000] "GET / HTTP/1.1" 200 2901
::1 - - [13/Jan/2021:12:58:41 +0000] "GET /favicon.ico HTTP/1.1" 200 2901
::1 - - [13/Jan/2021:12:59:33 +0000] "GET /logs HTTP/1.1" 200 2901
::1 - - [13/Jan/2021:12:59:34 +0000] "GET /favicon.ico HTTP/1.1" 304 -
::1 - - [13/Jan/2021:13:00:25 +0000] "GET /logs HTTP/1.1" 500 148
::1 - - [13/Jan/2021:13:00:26 +0000] "GET /favicon.ico HTTP/1.1" 500 148
::1 - - [13/Jan/2021:13:01:06 +0000] "GET /logs HTTP/1.1" 500 148
::1 - - [13/Jan/2021:13:01:06 +0000] "GET /favicon.ico HTTP/1.1" 500 148
::1 - - [13/Jan/2021:13:01:25 +0000] "GET /logs HTTP/1.1" 200 2901
::1 - - [13/Jan/2021:13:01:26 +0000] "GET /favicon.ico HTTP/1.1" 200 2901
{"error":{},"level":"error","message":"uncaughtException: require(...) is not a function\nTypeError: require(...) is not a function\n    at Object.<anonymous> (F:\\AhmedBaig\\Projects\\Minnesota Realty School\\app.js:41:26)\n    at Module._compile (node:internal/modules/cjs/loader:1108:14)\n    at Object.Module._extensions..js (node:internal/modules/cjs/loader:1137:10)\n    at Module.load (node:internal/modules/cjs/loader:973:32)\n    at Function.Module._load (node:internal/modules/cjs/loader:813:14)\n    at Module.require (node:internal/modules/cjs/loader:997:19)\n    at require (node:internal/modules/cjs/helpers:92:18)\n    at Object.<anonymous> (F:\\AhmedBaig\\Projects\\Minnesota Realty School\\bin\\www:8:11)\n    at Module._compile (node:internal/modules/cjs/loader:1108:14)\n    at Object.Module._extensions..js (node:internal/modules/cjs/loader:1137:10)\n    at Module.load (node:internal/modules/cjs/loader:973:32)\n    at Function.Module._load (node:internal/modules/cjs/loader:813:14)\n    at Function.executeUserEntryPoint [as runMain] (node:internal/modules/run_main:76:12)\n    at node:internal/main/run_main_module:17:47","stack":"TypeError: require(...) is not a function\n    at Object.<anonymous> (F:\\AhmedBaig\\Projects\\Minnesota Realty School\\app.js:41:26)\n    at Module._compile (node:internal/modules/cjs/loader:1108:14)\n    at Object.Module._extensions..js (node:internal/modules/cjs/loader:1137:10)\n    at Module.load (node:internal/modules/cjs/loader:973:32)\n    at Function.Module._load (node:internal/modules/cjs/loader:813:14)\n    at Module.require (node:internal/modules/cjs/loader:997:19)\n    at require (node:internal/modules/cjs/helpers:92:18)\n    at Object.<anonymous> (F:\\AhmedBaig\\Projects\\Minnesota Realty School\\bin\\www:8:11)\n    at Module._compile (node:internal/modules/cjs/loader:1108:14)\n    at Object.Module._extensions..js (node:internal/modules/cjs/loader:1137:10)\n    at Module.load (node:internal/modules/cjs/loader:973:32)\n    at Function.Module._load (node:internal/modules/cjs/loader:813:14)\n    at Function.executeUserEntryPoint [as runMain] (node:internal/modules/run_main:76:12)\n    at node:internal/main/run_main_module:17:47","exception":true,"date":"Wed Jan 13 2021 18:04:23 GMT+0500 (Pakistan Standard Time)","process":{"pid":692,"uid":null,"gid":null,"cwd":"F:\\AhmedBaig\\Projects\\Minnesota Realty School","execPath":"C:\\Program Files\\nodejs\\node.exe","version":"v15.5.0","argv":["C:\\Program Files\\nodejs\\node.exe","F:\\AhmedBaig\\Projects\\Minnesota Realty School\\bin\\www"],"memoryUsage":{"rss":76378112,"heapTotal":60489728,"heapUsed":28637360,"external":20317823,"arrayBuffers":19209993}},"os":{"loadavg":[0,0,0],"uptime":1824390},"trace":[{"column":26,"file":"F:\\AhmedBaig\\Projects\\Minnesota Realty School\\app.js","function":null,"line":41,"method":null,"native":false},{"column":14,"file":"node:internal/modules/cjs/loader","function":"Module._compile","line":1108,"method":"_compile","native":false},{"column":10,"file":"node:internal/modules/cjs/loader","function":"Module._extensions..js","line":1137,"method":".js","native":false},{"column":32,"file":"node:internal/modules/cjs/loader","function":"Module.load","line":973,"method":"load","native":false},{"column":14,"file":"node:internal/modules/cjs/loader","function":"Module._load","line":813,"method":"_load","native":false},{"column":19,"file":"node:internal/modules/cjs/loader","function":"Module.require","line":997,"method":"require","native":false},{"column":18,"file":"node:internal/modules/cjs/helpers","function":"require","line":92,"method":null,"native":false},{"column":11,"file":"F:\\AhmedBaig\\Projects\\Minnesota Realty School\\bin\\www","function":null,"line":8,"method":null,"native":false},{"column":14,"file":"node:internal/modules/cjs/loader","function":"Module._compile","line":1108,"method":"_compile","native":false},{"column":10,"file":"node:internal/modules/cjs/loader","function":"Module._extensions..js","line":1137,"method":".js","native":false},{"column":32,"file":"node:internal/modules/cjs/loader","function":"Module.load","line":973,"method":"load","native":false},{"column":14,"file":"node:internal/modules/cjs/loader","function":"Module._load","line":813,"method":"_load","native":false},{"column":12,"file":"node:internal/modules/run_main","function":"Function.executeUserEntryPoint [as runMain]","line":76,"method":"executeUserEntryPoint [as runMain]","native":false},{"column":47,"file":"node:internal/main/run_main_module","function":null,"line":17,"method":null,"native":false}]}
::1 - - [13/Jan/2021:13:09:04 +0000] "GET /logs HTTP/1.1" - -
::ffff:127.0.0.1 - - [13/Jan/2021:13:09:27 +0000] "GET / HTTP/1.1" - -
::ffff:127.0.0.1 - - [13/Jan/2021:13:09:28 +0000] "GET / HTTP/1.1" - -
::1 - - [13/Jan/2021:13:10:32 +0000] "GET / HTTP/1.1" - -
::1 - - [13/Jan/2021:13:15:12 +0000] "GET / HTTP/1.1" 200 1000
::1 - - [13/Jan/2021:13:15:13 +0000] "GET /favicon.ico HTTP/1.1" 200 2762
::ffff:127.0.0.1 - - [13/Jan/2021:13:15:20 +0000] "GET /logs HTTP/1.1" 200 2762
::ffff:127.0.0.1 - - [13/Jan/2021:13:15:20 +0000] "GET /node/resources-images/404.gif HTTP/1.1" 200 2762
::ffff:127.0.0.1 - - [13/Jan/2021:13:15:20 +0000] "GET /node/resources-images/404.gif HTTP/1.1" 304 -
::ffff:127.0.0.1 - - [13/Jan/2021:13:15:21 +0000] "GET /node/resources-images/404.gif HTTP/1.1" 304 -
::ffff:127.0.0.1 - - [13/Jan/2021:13:15:21 +0000] "GET /favicon.ico HTTP/1.1" 304 -
::1 - - [13/Jan/2021:13:16:38 +0000] "GET /console/logs HTTP/1.1" 200 7145
::1 - - [13/Jan/2021:13:16:39 +0000] "GET /favicon.ico HTTP/1.1" 304 -
::1 - - [13/Jan/2021:13:17:19 +0000] "GET /console/logs HTTP/1.1" 200 7291
::1 - - [13/Jan/2021:13:17:20 +0000] "GET /favicon.ico HTTP/1.1" 200 2762
::1 - - [13/Jan/2021:13:17:26 +0000] "GET /console/logaa HTTP/1.1" 200 2762
::1 - - [13/Jan/2021:13:17:26 +0000] "GET /node/resources-images/404.gif HTTP/1.1" 304 -
::1 - - [13/Jan/2021:13:17:26 +0000] "GET /node/resources-images/404.gif HTTP/1.1" 304 -
::1 - - [13/Jan/2021:13:17:26 +0000] "GET /favicon.ico HTTP/1.1" 304 -
::1 - - [13/Jan/2021:13:18:45 +0000] "GET /console/logaa HTTP/1.1" 304 -
::1 - - [13/Jan/2021:13:18:45 +0000] "GET /node/resources-images/404.gif HTTP/1.1" 304 -
::1 - - [13/Jan/2021:13:18:46 +0000] "GET /node/resources-images/404.gif HTTP/1.1" 304 -
::1 - - [13/Jan/2021:13:18:46 +0000] "GET /favicon.ico HTTP/1.1" 200 2762
::1 - - [13/Jan/2021:13:18:46 +0000] "GET /node/resources-images/404.gif HTTP/1.1" 304 -
::1 - - [13/Jan/2021:13:18:50 +0000] "GET / HTTP/1.1" 500 148
::1 - - [13/Jan/2021:13:18:50 +0000] "GET /favicon.ico HTTP/1.1" 304 -
::1 - - [13/Jan/2021:13:19:23 +0000] "GET / HTTP/1.1" 500 148
::1 - - [13/Jan/2021:13:19:24 +0000] "GET /favicon.ico HTTP/1.1" 200 2762
::1 - - [13/Jan/2021:13:21:23 +0000] "GET / HTTP/1.1" 500 148
::1 - - [13/Jan/2021:13:21:24 +0000] "GET /favicon.ico HTTP/1.1" 200 2762
::1 - - [13/Jan/2021:13:22:01 +0000] "GET /asd HTTP/1.1" 200 2762
::1 - - [13/Jan/2021:13:22:01 +0000] "GET /node/resources-images/404.gif HTTP/1.1" 304 -
::1 - - [13/Jan/2021:13:22:02 +0000] "GET /favicon.ico HTTP/1.1" 304 -
::1 - - [13/Jan/2021:13:22:02 +0000] "GET /node/resources-images/404.gif HTTP/1.1" 304 -
::1 - - [13/Jan/2021:13:22:04 +0000] "GET /favicon.ico HTTP/1.1" 304 -
::1 - - [13/Jan/2021:13:22:26 +0000] "GET / HTTP/1.1" 500 148
::1 - - [13/Jan/2021:13:22:26 +0000] "GET /favicon.ico HTTP/1.1" 200 2762
::1 - - [13/Jan/2021:13:26:44 +0000] "GET / HTTP/1.1" 500 148
::1 - - [13/Jan/2021:13:26:45 +0000] "GET /favicon.ico HTTP/1.1" 200 2762
::1 - - [13/Jan/2021:13:26:58 +0000] "GET / HTTP/1.1" 500 148
::1 - - [13/Jan/2021:13:26:58 +0000] "GET /favicon.ico HTTP/1.1" 200 2762
::1 - - [13/Jan/2021:13:27:41 +0000] "GET / HTTP/1.1" 500 148
::1 - - [13/Jan/2021:13:27:42 +0000] "GET /favicon.ico HTTP/1.1" 200 2762
::1 - - [13/Jan/2021:13:29:44 +0000] "GET / HTTP/1.1" 500 148
::1 - - [13/Jan/2021:13:29:44 +0000] "GET /favicon.ico HTTP/1.1" 200 2762
::1 - - [13/Jan/2021:13:30:22 +0000] "GET / HTTP/1.1" 500 148
::1 - - [13/Jan/2021:13:30:23 +0000] "GET /favicon.ico HTTP/1.1" 200 2762
::1 - - [13/Jan/2021:13:31:12 +0000] "GET / HTTP/1.1" 500 148
::1 - - [13/Jan/2021:13:31:12 +0000] "GET /favicon.ico HTTP/1.1" 200 2762
::1 - - [13/Jan/2021:13:31:43 +0000] "GET / HTTP/1.1" 500 148
::1 - - [13/Jan/2021:13:31:43 +0000] "GET /favicon.ico HTTP/1.1" 200 2762
::1 - - [13/Jan/2021:13:34:11 +0000] "GET / HTTP/1.1" 500 148
::1 - - [13/Jan/2021:13:34:12 +0000] "GET /favicon.ico HTTP/1.1" 200 2762
::1 - - [13/Jan/2021:13:34:20 +0000] "GET /jk HTTP/1.1" 200 2762
::1 - - [13/Jan/2021:13:34:20 +0000] "GET /node/resources-images/404.gif HTTP/1.1" 304 -
::1 - - [13/Jan/2021:13:34:21 +0000] "GET /favicon.ico HTTP/1.1" 304 -
::1 - - [13/Jan/2021:13:34:21 +0000] "GET /node/resources-images/404.gif HTTP/1.1" 304 -
::1 - - [13/Jan/2021:13:34:23 +0000] "GET /favicon.ico HTTP/1.1" 304 -
::1 - - [13/Jan/2021:13:35:21 +0000] "GET / HTTP/1.1" 500 148
::1 - - [13/Jan/2021:13:35:21 +0000] "GET /favicon.ico HTTP/1.1" 200 2762
::1 - - [13/Jan/2021:13:35:22 +0000] "GET / HTTP/1.1" 500 148
::1 - - [13/Jan/2021:13:35:23 +0000] "GET /favicon.ico HTTP/1.1" 200 2762
::1 - - [13/Jan/2021:13:38:45 +0000] "GET / HTTP/1.1" 500 148
::1 - - [13/Jan/2021:13:38:45 +0000] "GET /favicon.ico HTTP/1.1" 200 2762
::1 - - [13/Jan/2021:13:39:48 +0000] "GET / HTTP/1.1" 200 1000
::1 - - [13/Jan/2021:13:39:49 +0000] "GET /favicon.ico HTTP/1.1" 200 2762
::1 - - [13/Jan/2021:13:39:53 +0000] "GET /asd HTTP/1.1" 304 -
::1 - - [13/Jan/2021:13:39:53 +0000] "GET /node/resources-images/404.gif HTTP/1.1" 304 -
::1 - - [13/Jan/2021:13:39:53 +0000] "GET /node/resources-images/404.gif HTTP/1.1" 304 -
::1 - - [13/Jan/2021:13:39:53 +0000] "GET /favicon.ico HTTP/1.1" 304 -
::1 - - [13/Jan/2021:13:39:53 +0000] "GET /node/resources-images/404.gif HTTP/1.1" 304 -
::1 - - [13/Jan/2021:13:40:18 +0000] "GET /asd HTTP/1.1" 304 -
::1 - - [13/Jan/2021:13:40:19 +0000] "GET /node/resources-images/404.gif HTTP/1.1" 304 -
::1 - - [13/Jan/2021:13:40:19 +0000] "GET /favicon.ico HTTP/1.1" 200 2762
::1 - - [13/Jan/2021:13:40:20 +0000] "GET /asd HTTP/1.1" 304 -
::1 - - [13/Jan/2021:13:40:20 +0000] "GET /node/resources-images/404.gif HTTP/1.1" 304 -
::1 - - [13/Jan/2021:13:40:20 +0000] "GET /favicon.ico HTTP/1.1" 200 2762
::1 - - [13/Jan/2021:13:41:21 +0000] "GET /asd HTTP/1.1" 304 -
::1 - - [13/Jan/2021:13:41:21 +0000] "GET /node/resources-images/404.gif HTTP/1.1" 304 -
::1 - - [13/Jan/2021:13:41:21 +0000] "GET /favicon.ico HTTP/1.1" 200 2762
::1 - - [13/Jan/2021:13:42:04 +0000] "GET /asd HTTP/1.1" 304 -
::1 - - [13/Jan/2021:13:42:04 +0000] "GET /node/resources-images/404.gif HTTP/1.1" 304 -
::1 - - [13/Jan/2021:13:42:04 +0000] "GET /favicon.ico HTTP/1.1" 200 2762
::1 - - [13/Jan/2021:13:42:46 +0000] "GET /node/resources-images/404.gif HTTP/1.1" 304 -
::1 - - [13/Jan/2021:13:42:46 +0000] "GET /node/resources-images/404.gif HTTP/1.1" 304 -
::1 - - [13/Jan/2021:13:42:47 +0000] "GET /asd HTTP/1.1" 304 -
::1 - - [13/Jan/2021:13:42:47 +0000] "GET /node/resources-images/404.gif HTTP/1.1" 304 -
::1 - - [13/Jan/2021:13:42:47 +0000] "GET /node/resources-images/404.gif HTTP/1.1" 304 -
::1 - - [13/Jan/2021:13:42:47 +0000] "GET /favicon.ico HTTP/1.1" 200 2762
::1 - - [13/Jan/2021:13:42:47 +0000] "GET /node/resources-images/404.gif HTTP/1.1" 304 -
::1 - - [13/Jan/2021:13:42:52 +0000] "GET /asd HTTP/1.1" 304 -
::1 - - [13/Jan/2021:13:42:52 +0000] "GET /node/resources-images/404.gif HTTP/1.1" 304 -
::1 - - [13/Jan/2021:13:42:52 +0000] "GET /favicon.ico HTTP/1.1" 200 2762
::1 - - [13/Jan/2021:13:42:53 +0000] "GET /asd HTTP/1.1" 304 -
::1 - - [13/Jan/2021:13:42:53 +0000] "GET /node/resources-images/404.gif HTTP/1.1" 304 -
::1 - - [13/Jan/2021:13:42:53 +0000] "GET /favicon.ico HTTP/1.1" 200 2762
::1 - - [13/Jan/2021:13:43:13 +0000] "GET /asd HTTP/1.1" 200 2757
::1 - - [13/Jan/2021:13:43:14 +0000] "GET /resources-images/404.gif HTTP/1.1" 404 136
::1 - - [13/Jan/2021:13:43:14 +0000] "GET /favicon.ico HTTP/1.1" 200 2757
::1 - - [13/Jan/2021:13:43:33 +0000] "GET /resources-images/404.gif HTTP/1.1" 404 136
::1 - - [13/Jan/2021:13:43:33 +0000] "GET /favicon.ico HTTP/1.1" 304 -
::ffff:127.0.0.1 - - [13/Jan/2021:13:44:01 +0000] "GET /resources-images/404.gif HTTP/1.1" 200 1373645
::ffff:127.0.0.1 - - [13/Jan/2021:13:44:01 +0000] "GET /favicon.ico HTTP/1.1" 200 2757
::ffff:127.0.0.1 - - [13/Jan/2021:13:44:06 +0000] "GET /asd HTTP/1.1" 200 2757
::ffff:127.0.0.1 - - [13/Jan/2021:13:44:07 +0000] "GET /resources-images/404.gif HTTP/1.1" 200 1373645
::ffff:127.0.0.1 - - [13/Jan/2021:13:44:07 +0000] "GET /favicon.ico HTTP/1.1" 200 2757
::1 - - [13/Jan/2021:13:44:10 +0000] "GET /resources-images/404.gif HTTP/1.1" 200 1373645
::ffff:127.0.0.1 - - [13/Jan/2021:13:44:11 +0000] "GET /resources-images/404.gif HTTP/1.1" 200 1373645
::1 - - [13/Jan/2021:13:44:40 +0000] "GET /asd HTTP/1.1" 304 -
::1 - - [13/Jan/2021:13:44:40 +0000] "GET /resources-images/404.gif HTTP/1.1" 304 -
::1 - - [13/Jan/2021:13:44:41 +0000] "GET /resources-images/404.gif HTTP/1.1" 304 -
::1 - - [13/Jan/2021:13:44:41 +0000] "GET /favicon.ico HTTP/1.1" 200 2757
::1 - - [13/Jan/2021:13:44:46 +0000] "GET /asdasdasd/asdas/asdas/asds HTTP/1.1" 200 2757
::1 - - [13/Jan/2021:13:44:46 +0000] "GET /resources-images/404.gif HTTP/1.1" 304 -
::1 - - [13/Jan/2021:13:44:46 +0000] "GET /resources-images/404.gif HTTP/1.1" 304 -
::1 - - [13/Jan/2021:13:44:47 +0000] "GET /favicon.ico HTTP/1.1" 304 -
::1 - - [13/Jan/2021:13:44:57 +0000] "GET / HTTP/1.1" 304 -
::1 - - [13/Jan/2021:13:44:58 +0000] "GET /favicon.ico HTTP/1.1" 304 -
::1 - - [13/Jan/2021:13:51:34 +0000] "POST /api/user/register HTTP/1.1" 404 157
::1 - - [13/Jan/2021:13:52:22 +0000] "POST /api/users/register HTTP/1.1" 400 75
::1 - - [13/Jan/2021:13:53:11 +0000] "POST /api/users/register HTTP/1.1" 400 75
::1 - - [13/Jan/2021:13:55:52 +0000] "POST /api/users/register HTTP/1.1" 400 75
::1 - - [13/Jan/2021:13:57:11 +0000] "POST /api/users/register HTTP/1.1" 400 75
::1 - - [13/Jan/2021:13:58:46 +0000] "POST /api/users/register HTTP/1.1" 400 75
::1 - - [13/Jan/2021:14:01:17 +0000] "POST /api/users/register HTTP/1.1" 400 75
::1 - - [13/Jan/2021:14:01:38 +0000] "POST /api/users/register HTTP/1.1" 400 75
::1 - - [13/Jan/2021:14:03:52 +0000] "POST /api/users/register HTTP/1.1" 400 75
::1 - - [13/Jan/2021:14:06:26 +0000] "POST /api/users/register HTTP/1.1" 400 75
::1 - - [13/Jan/2021:14:06:53 +0000] "POST /api/users/register HTTP/1.1" 400 75
::1 - - [13/Jan/2021:14:07:44 +0000] "POST /api/users/register HTTP/1.1" 400 75
::1 - - [13/Jan/2021:14:08:05 +0000] "POST /api/users/register HTTP/1.1" 400 75
::1 - - [13/Jan/2021:14:09:35 +0000] "POST /api/users/register HTTP/1.1" 400 75
::1 - - [13/Jan/2021:14:10:05 +0000] "POST /api/users/register HTTP/1.1" 400 75
::1 - - [13/Jan/2021:14:11:18 +0000] "POST /api/users/register HTTP/1.1" 400 75
::1 - - [13/Jan/2021:14:11:35 +0000] "POST /api/users/register HTTP/1.1" 400 75
::1 - - [13/Jan/2021:14:12:25 +0000] "POST /api/users/register HTTP/1.1" 400 75
::1 - - [13/Jan/2021:14:12:36 +0000] "POST /api/users/register HTTP/1.1" 400 75
::1 - - [13/Jan/2021:14:13:48 +0000] "POST /api/users/register HTTP/1.1" 400 90
::1 - - [13/Jan/2021:14:14:09 +0000] "POST /api/users/register HTTP/1.1" 400 105
::1 - - [13/Jan/2021:14:14:16 +0000] "POST /api/users/register HTTP/1.1" 400 59
::1 - - [13/Jan/2021:14:15:56 +0000] "POST /api/users/register HTTP/1.1" 400 128
::1 - - [13/Jan/2021:14:17:12 +0000] "POST /api/users/register HTTP/1.1" 400 124
::1 - - [13/Jan/2021:14:20:52 +0000] "POST /api/users/register HTTP/1.1" 400 179
Uncaught Exception: respond is not a functionUncaught Exception: respond is not a function::ffff:127.0.0.1 - - [13/Jan/2021:14:21:03 +0000] "POST /api/users/register HTTP/1.1" 400 42
::1 - - [13/Jan/2021:14:21:16 +0000] "POST /api/users/register HTTP/1.1" 400 82
::1 - - [13/Jan/2021:14:21:33 +0000] "POST /api/users/register HTTP/1.1" 400 105
::1 - - [13/Jan/2021:14:23:33 +0000] "POST /api/users/register HTTP/1.1" 400 179
Uncaught Exception: respond is not a functionUncaught Exception: respond is not a function::1 - - [13/Jan/2021:14:23:44 +0000] "POST /api/users/register HTTP/1.1" 400 136
Uncaught Exception: respond is not a function::1 - - [13/Jan/2021:14:23:54 +0000] "POST /api/users/register HTTP/1.1" 400 42
Uncaught Exception: respond is not a function::1 - - [13/Jan/2021:14:29:22 +0000] "POST /api/users/register HTTP/1.1" 400 45
Uncaught Exception: respond is not a function::1 - - [13/Jan/2021:14:32:48 +0000] "POST /api/users/register HTTP/1.1" 400 131
Uncaught Exception: respond is not a function::1 - - [13/Jan/2021:14:33:01 +0000] "POST /api/users/register HTTP/1.1" 400 -
Uncaught Exception: respond is not a function::1 - - [13/Jan/2021:14:34:03 +0000] "POST /api/users/register HTTP/1.1" 400 -
Uncaught Exception: respond is not a function::1 - - [13/Jan/2021:14:37:06 +0000] "POST /api/users/register HTTP/1.1" 400 -
Uncaught Exception: respond is not a function::1 - - [13/Jan/2021:14:38:34 +0000] "POST /api/users/register HTTP/1.1" 400 -
Uncaught Exception: respond is not a function::1 - - [13/Jan/2021:14:44:15 +0000] "POST /api/users/register HTTP/1.1" 400 136
::1 - - [13/Jan/2021:14:44:26 +0000] "POST /api/users/register HTTP/1.1" 400 134
Uncaught Exception: respond is not a functionUncaught Exception: respond is not a function::1 - - [13/Jan/2021:14:46:38 +0000] "POST /api/users/register HTTP/1.1" 400 -
::1 - - [13/Jan/2021:14:50:17 +0000] "POST /api/users/register HTTP/1.1" 400 138
::1 - - [13/Jan/2021:14:50:44 +0000] "POST /api/users/register HTTP/1.1" 400 -
::1 - - [13/Jan/2021:14:51:58 +0000] "POST /api/users/register HTTP/1.1" 400 -
::1 - - [13/Jan/2021:14:54:42 +0000] "POST /api/users/register HTTP/1.1" 400 456
Unhandled rejection, reason: Error [ERR_HTTP_HEADERS_SENT]: Cannot set headers after they are sent to the client::1 - - [13/Jan/2021:14:56:09 +0000] "POST /api/users/register HTTP/1.1" 400 390
Unhandled rejection, reason: Error [ERR_HTTP_HEADERS_SENT]: Cannot set headers after they are sent to the client::1 - - [13/Jan/2021:14:56:50 +0000] "POST /api/users/register HTTP/1.1" 400 83
::1 - - [13/Jan/2021:14:58:36 +0000] "POST /api/users/register HTTP/1.1" 400 72
::ffff:127.0.0.1 - - [13/Jan/2021:14:59:28 +0000] "POST /api/users/register HTTP/1.1" 400 -
::1 - - [13/Jan/2021:15:01:45 +0000] "POST /api/users/register HTTP/1.1" 400 -
::1 - - [13/Jan/2021:15:03:37 +0000] "POST /api/users/register HTTP/1.1" 400 -
::1 - - [13/Jan/2021:15:24:04 +0000] "POST /api/users/register HTTP/1.1" 400 73
::1 - - [13/Jan/2021:15:25:27 +0000] "POST /api/users/register HTTP/1.1" 400 72
::1 - - [13/Jan/2021:15:25:44 +0000] "POST /api/users/register HTTP/1.1" 400 73
::1 - - [13/Jan/2021:15:31:03 +0000] "POST /api/users/register HTTP/1.1" 400 73
::1 - - [13/Jan/2021:15:33:11 +0000] "POST /api/users/register HTTP/1.1" 400 73
::1 - - [13/Jan/2021:15:34:32 +0000] "POST /api/users/register HTTP/1.1" 400 73
::1 - - [13/Jan/2021:15:40:40 +0000] "POST /api/users/register HTTP/1.1" 400 73
::1 - - [13/Jan/2021:15:42:05 +0000] "POST /api/users/register HTTP/1.1" 500 70
::1 - - [13/Jan/2021:15:44:45 +0000] "POST /api/users/register HTTP/1.1" 500 70
::1 - - [13/Jan/2021:15:50:05 +0000] "POST /api/users/register HTTP/1.1" 502 257
Unhandled rejection, reason: TypeError: Cannot read property 'findOneAndUpdate' of undefined::1 - - [13/Jan/2021:15:55:33 +0000] "POST /api/users/register HTTP/1.1" 400 74
::1 - - [13/Jan/2021:15:55:46 +0000] "POST /api/users/register HTTP/1.1" 200 87
::1 - - [13/Jan/2021:15:59:47 +0000] "POST /api/users/register HTTP/1.1" 200 87
::1 - - [13/Jan/2021:16:01:26 +0000] "POST /api/users/register HTTP/1.1" 200 87
::1 - - [13/Jan/2021:16:04:04 +0000] "POST /api/users/register HTTP/1.1" 200 87
Unhandled rejection, reason: TypeError: Cannot read property 'findOne' of undefinedUnhandled rejection, reason: TypeError: Cannot destructure property 'errorCallback' of 'undefined' as it is undefined.::1 - - [13/Jan/2021:16:26:32 +0000] "GET /verify-email/MjIzMzAx HTTP/1.1" 200 1026
::1 - - [13/Jan/2021:16:26:33 +0000] "GET /favicon.ico HTTP/1.1" 200 2757
::1 - - [13/Jan/2021:16:27:27 +0000] "GET /verify-email/MjIzMzAx HTTP/1.1" 200 992
::1 - - [13/Jan/2021:16:27:28 +0000] "GET /favicon.ico HTTP/1.1" 200 2757
::1 - - [13/Jan/2021:16:28:31 +0000] "POST /api/users/register HTTP/1.1" 200 87
::1 - - [13/Jan/2021:16:28:44 +0000] "GET /verify-email/MTI1Njcw HTTP/1.1" 200 1026
::1 - - [13/Jan/2021:16:28:45 +0000] "GET /favicon.ico HTTP/1.1" 304 -
::1 - - [14/Jan/2021:08:56:25 +0000] "POST /api/users/register HTTP/1.1" 200 87
::1 - - [14/Jan/2021:09:02:12 +0000] "GET /verify-email/ODg5ODIy HTTP/1.1" 200 1026
::1 - - [14/Jan/2021:09:02:14 +0000] "GET /favicon.ico HTTP/1.1" 200 2757
::1 - - [14/Jan/2021:09:03:34 +0000] "GET /verify-email/ODg5ODIy HTTP/1.1" 200 992
::1 - - [14/Jan/2021:09:03:35 +0000] "GET /favicon.ico HTTP/1.1" 200 2757
::1 - - [14/Jan/2021:09:03:56 +0000] "POST /api/users/register HTTP/1.1" 200 87
::1 - - [14/Jan/2021:09:04:06 +0000] "GET /verify-email/Mzg3MDY4 HTTP/1.1" 200 1026
::1 - - [14/Jan/2021:09:04:08 +0000] "GET /favicon.ico HTTP/1.1" 304 -
::1 - - [14/Jan/2021:09:04:44 +0000] "GET /verify-email/Mzg3MDY4 HTTP/1.1" 304 -
::1 - - [14/Jan/2021:09:04:45 +0000] "GET /favicon.ico HTTP/1.1" 200 2757
::1 - - [14/Jan/2021:09:05:36 +0000] "GET /verify-email/Mzg3MDY4 HTTP/1.1" 304 -
::1 - - [14/Jan/2021:09:05:37 +0000] "GET /favicon.ico HTTP/1.1" 200 2757
::1 - - [14/Jan/2021:09:09:05 +0000] "GET /verify-email/Mzg3MDY4 HTTP/1.1" 200 1026
::1 - - [14/Jan/2021:09:09:06 +0000] "GET /favicon.ico HTTP/1.1" 200 2757
::1 - - [14/Jan/2021:09:09:13 +0000] "GET /verify-email/Mzg3MDY4 HTTP/1.1" 304 -
::1 - - [14/Jan/2021:09:09:14 +0000] "GET /favicon.ico HTTP/1.1" 200 2757
::1 - - [14/Jan/2021:09:10:04 +0000] "GET /verify-email/Mzg3MDY4 HTTP/1.1" 200 971
::1 - - [14/Jan/2021:09:10:05 +0000] "GET /favicon.ico HTTP/1.1" 200 2757
::1 - - [14/Jan/2021:09:11:42 +0000] "GET /verify-email/Mzg3MDY4 HTTP/1.1" 304 -
::1 - - [14/Jan/2021:09:11:43 +0000] "GET /favicon.ico HTTP/1.1" 200 2757
::1 - - [14/Jan/2021:09:12:38 +0000] "GET /verify-email/Mzg3MDY4 HTTP/1.1" 200 1065
::1 - - [14/Jan/2021:09:12:39 +0000] "GET /favicon.ico HTTP/1.1" 200 2757
::1 - - [14/Jan/2021:09:16:26 +0000] "GET /verify-email/Mzg3MDY4 HTTP/1.1" 304 -
::1 - - [14/Jan/2021:09:16:27 +0000] "GET /favicon.ico HTTP/1.1" 200 2757
::1 - - [14/Jan/2021:09:17:10 +0000] "GET /verify-email/Mzg3MDY4 HTTP/1.1" 304 -
::1 - - [14/Jan/2021:09:17:11 +0000] "GET /favicon.ico HTTP/1.1" 200 2757
::1 - - [14/Jan/2021:09:17:18 +0000] "GET /verify-email/MTk3NjQz HTTP/1.1" 200 1026
::1 - - [14/Jan/2021:09:17:19 +0000] "GET /favicon.ico HTTP/1.1" 304 -
::1 - - [14/Jan/2021:10:01:56 +0000] "POST /api/users/register HTTP/1.1" 200 87
::1 - - [14/Jan/2021:10:10:38 +0000] "POST /api/users/register HTTP/1.1" 200 87
::1 - - [14/Jan/2021:10:10:46 +0000] "GET /verify-email/NzExMTg4 HTTP/1.1" 200 1026
::1 - - [14/Jan/2021:10:10:48 +0000] "GET /favicon.ico HTTP/1.1" 304 -
::1 - - [14/Jan/2021:12:24:07 +0000] "POST /api/users/login HTTP/1.1" 500 58
::1 - - [14/Jan/2021:12:24:25 +0000] "POST /api/users/login HTTP/1.1" 400 72
::1 - - [14/Jan/2021:12:24:57 +0000] "POST /api/users/login HTTP/1.1" 400 76
Unhandled rejection, reason: RangeError [ERR_HTTP_INVALID_STATUS_CODE]: Invalid status code: undefinedUnhandled rejection, reason: RangeError [ERR_HTTP_INVALID_STATUS_CODE]: Invalid status code: undefinedUnhandled rejection, reason: RangeError [ERR_HTTP_INVALID_STATUS_CODE]: Invalid status code: undefinedUnhandled rejection, reason: RangeError [ERR_HTTP_INVALID_STATUS_CODE]: Invalid status code: undefinedUnhandled rejection, reason: RangeError [ERR_HTTP_INVALID_STATUS_CODE]: Invalid status code: undefinedUnhandled rejection, reason: RangeError [ERR_HTTP_INVALID_STATUS_CODE]: Invalid status code: undefined::1 - - [14/Jan/2021:12:40:11 +0000] "POST /api/users/login HTTP/1.1" 200 1561
::1 - - [14/Jan/2021:12:47:44 +0000] "POST /api/users/login HTTP/1.1" 200 1306
::1 - - [14/Jan/2021:13:19:56 +0000] "POST /api/users/login HTTP/1.1" 400 59
::1 - - [14/Jan/2021:13:20:07 +0000] "POST /api/users/login HTTP/1.1" 200 1216
Unhandled rejection, reason: RangeError [ERR_HTTP_INVALID_STATUS_CODE]: Invalid status code: undefinedUnhandled rejection, reason: RangeError [ERR_HTTP_INVALID_STATUS_CODE]: Invalid status code: undefined::1 - - [14/Jan/2021:13:23:25 +0000] "POST /api/users/login HTTP/1.1" 401 59
::1 - - [14/Jan/2021:13:23:44 +0000] "POST /api/users/login HTTP/1.1" 401 59
::1 - - [14/Jan/2021:13:23:46 +0000] "POST /api/users/login HTTP/1.1" 401 59
::1 - - [14/Jan/2021:13:23:47 +0000] "POST /api/users/login HTTP/1.1" 401 59
::1 - - [14/Jan/2021:13:23:49 +0000] "POST /api/users/login HTTP/1.1" 401 59
::1 - - [14/Jan/2021:13:23:50 +0000] "POST /api/users/login HTTP/1.1" 429 127
::1 - - [14/Jan/2021:13:23:54 +0000] "POST /api/users/login HTTP/1.1" 429 125
::1 - - [14/Jan/2021:13:25:46 +0000] "POST /api/users/login HTTP/1.1" 429 125
::1 - - [14/Jan/2021:13:26:11 +0000] "POST /api/users/login HTTP/1.1" 429 127
::1 - - [14/Jan/2021:13:27:07 +0000] "POST /api/users/login HTTP/1.1" 429 125
::1 - - [14/Jan/2021:13:27:44 +0000] "POST /api/users/login HTTP/1.1" 200 1216
::1 - - [14/Jan/2021:13:43:58 +0000] "POST /api/users/logout HTTP/1.1" 404 156
::1 - - [14/Jan/2021:13:44:42 +0000] "POST /api/users/logout HTTP/1.1" 200 83
::1 - - [14/Jan/2021:13:46:15 +0000] "POST /api/users/logout HTTP/1.1" 200 83
::1 - - [14/Jan/2021:13:47:54 +0000] "POST /api/users/logout HTTP/1.1" 200 83
::1 - - [14/Jan/2021:13:48:01 +0000] "POST /api/users/login HTTP/1.1" 200 1216
::1 - - [14/Jan/2021:13:48:14 +0000] "POST /api/users/logout HTTP/1.1" 200 83
::1 - - [14/Jan/2021:13:53:02 +0000] "POST /api/users/login HTTP/1.1" 200 1216
::1 - - [14/Jan/2021:13:54:00 +0000] "POST /api/users/logout HTTP/1.1" 400 53
::1 - - [14/Jan/2021:13:54:24 +0000] "POST /api/users/logout HTTP/1.1" 400 53
::1 - - [14/Jan/2021:13:54:32 +0000] "POST /api/users/logout HTTP/1.1" 400 53
Unhandled rejection, reason: ReferenceError: setUserStateToken is not definedUnhandled rejection, reason: ReferenceError: UserService is not defined::1 - - [14/Jan/2021:13:58:15 +0000] "POST /api/users/logout HTTP/1.1" 200 40
::1 - - [14/Jan/2021:14:19:07 +0000] "POST /api/users/forgot-password HTTP/1.1" 200 86
::1 - - [14/Jan/2021:14:23:58 +0000] "POST /api/users/forgot-password HTTP/1.1" 409 108
::1 - - [14/Jan/2021:14:24:37 +0000] "GET /reset-password/OTQ1MDA2 HTTP/1.1" 200 5615
::1 - - [14/Jan/2021:14:24:38 +0000] "GET /favicon.ico HTTP/1.1" 304 -
::1 - - [14/Jan/2021:14:26:36 +0000] "POST /node/reset-password HTTP/1.1" 404 159
::1 - - [14/Jan/2021:14:26:37 +0000] "GET /favicon.ico HTTP/1.1" 304 -
::1 - - [14/Jan/2021:14:27:42 +0000] "POST /node/reset-password HTTP/1.1" 404 159
::1 - - [14/Jan/2021:14:27:43 +0000] "GET /favicon.ico HTTP/1.1" 200 2757
::1 - - [14/Jan/2021:14:27:48 +0000] "GET /favicon.ico HTTP/1.1" 304 -
::1 - - [14/Jan/2021:14:27:51 +0000] "POST /node/reset-password HTTP/1.1" 404 159
::1 - - [14/Jan/2021:14:27:51 +0000] "GET /favicon.ico HTTP/1.1" 304 -
::1 - - [14/Jan/2021:14:28:13 +0000] "GET /favicon.ico HTTP/1.1" 304 -
::1 - - [14/Jan/2021:14:28:14 +0000] "GET /reset-password/OTQ1MDA2 HTTP/1.1" 200 5610
::1 - - [14/Jan/2021:14:28:15 +0000] "GET /favicon.ico HTTP/1.1" 200 2757
::1 - - [14/Jan/2021:14:28:17 +0000] "POST /reset-password HTTP/1.1" 302 252
::1 - - [14/Jan/2021:14:28:17 +0000] "GET /reset-password/OTQ1MDA2?error=%22New%20Password%22%20and%20%22Confirm%20Password%22%20do%20not%20match! HTTP/1.1" 200 5691
::1 - - [14/Jan/2021:14:28:18 +0000] "GET /favicon.ico HTTP/1.1" 304 -
Unhandled rejection, reason: ReferenceError: TokenService is not defined::1 - - [14/Jan/2021:14:33:38 +0000] "GET /favicon.ico HTTP/1.1" 304 -
Unhandled rejection, reason: TypeError: TokenService.findOne(...).populate is not a function::1 - - [14/Jan/2021:14:54:26 +0000] "GET /favicon.ico HTTP/1.1" 304 -
::1 - - [14/Jan/2021:14:54:29 +0000] "GET /reset-password/OTQ1MDA2?error=%22New%20Password%22%20and%20%22Confirm%20Password%22%20do%20not%20match! HTTP/1.1" 304 -
::1 - - [14/Jan/2021:14:54:29 +0000] "GET /favicon.ico HTTP/1.1" 200 2757
::1 - - [14/Jan/2021:15:04:40 +0000] "GET /favicon.ico HTTP/1.1" 304 -
::1 - - [14/Jan/2021:15:04:44 +0000] "POST /reset-password HTTP/1.1" 302 394
::1 - - [14/Jan/2021:15:04:44 +0000] "GET /reset-password/OTQ1MDA2?error=Password%20must%20be%20atleast%20eight%20characters%20long,%20containing%20atleast%201%20number,%201%20special%20character%20and%201%20alphabet. HTTP/1.1" 200 5736
::1 - - [14/Jan/2021:15:04:45 +0000] "GET /favicon.ico HTTP/1.1" 304 -
::1 - - [14/Jan/2021:15:05:55 +0000] "GET /favicon.ico HTTP/1.1" 304 -
Unhandled rejection, reason: TypeError: errorCallback is not a function::1 - - [14/Jan/2021:15:08:49 +0000] "GET /favicon.ico HTTP/1.1" 304 -
::1 - - [14/Jan/2021:15:08:57 +0000] "POST /reset-password HTTP/1.1" 302 82
::1 - - [14/Jan/2021:15:08:57 +0000] "GET /500/?err=undefined HTTP/1.1" 200 2894
::1 - - [14/Jan/2021:15:08:57 +0000] "GET /favicon.ico HTTP/1.1" 304 -
::1 - - [14/Jan/2021:15:09:08 +0000] "POST /api/users/forgot-password HTTP/1.1" 409 108
::1 - - [14/Jan/2021:15:10:17 +0000] "GET /reset-password/OTQ1MDA2 HTTP/1.1" 304 -
::1 - - [14/Jan/2021:15:10:19 +0000] "GET /favicon.ico HTTP/1.1" 304 -
::1 - - [14/Jan/2021:15:10:39 +0000] "POST /reset-password HTTP/1.1" 302 118
::1 - - [14/Jan/2021:15:10:39 +0000] "GET /500/?err=Token%20does%20not%20exist. HTTP/1.1" 200 2906
::1 - - [14/Jan/2021:15:10:40 +0000] "GET /favicon.ico HTTP/1.1" 304 -
::1 - - [14/Jan/2021:15:12:03 +0000] "GET /favicon.ico HTTP/1.1" 304 -
::1 - - [14/Jan/2021:15:12:10 +0000] "POST /reset-password HTTP/1.1" 302 118
::1 - - [14/Jan/2021:15:12:10 +0000] "GET /500/?err=Token%20does%20not%20exist. HTTP/1.1" 304 -
::1 - - [14/Jan/2021:15:12:10 +0000] "GET /favicon.ico HTTP/1.1" 304 -
::1 - - [14/Jan/2021:15:12:48 +0000] "GET /favicon.ico HTTP/1.1" 304 -
::1 - - [14/Jan/2021:15:12:54 +0000] "POST /reset-password HTTP/1.1" 302 82
::1 - - [14/Jan/2021:15:12:54 +0000] "GET /500/?err=undefined HTTP/1.1" 304 -
::1 - - [14/Jan/2021:15:12:54 +0000] "GET /favicon.ico HTTP/1.1" 304 -
::1 - - [14/Jan/2021:15:13:47 +0000] "GET /favicon.ico HTTP/1.1" 304 -
::1 - - [14/Jan/2021:15:14:39 +0000] "GET /favicon.ico HTTP/1.1" 304 -
::1 - - [14/Jan/2021:15:14:50 +0000] "POST /reset-password HTTP/1.1" 302 82
::1 - - [14/Jan/2021:15:14:50 +0000] "GET /500/?err=undefined HTTP/1.1" 304 -
::1 - - [14/Jan/2021:15:14:50 +0000] "GET /favicon.ico HTTP/1.1" 304 -
::ffff:127.0.0.1 - - [14/Jan/2021:15:15:41 +0000] "GET /favicon.ico HTTP/1.1" 304 -
::ffff:127.0.0.1 - - [14/Jan/2021:15:15:49 +0000] "POST /reset-password HTTP/1.1" 302 82
::ffff:127.0.0.1 - - [14/Jan/2021:15:15:49 +0000] "GET /500/?err=undefined HTTP/1.1" 304 -
::ffff:127.0.0.1 - - [14/Jan/2021:15:15:50 +0000] "GET /favicon.ico HTTP/1.1" 304 -
::1 - - [14/Jan/2021:15:16:13 +0000] "GET /favicon.ico HTTP/1.1" 304 -
::1 - - [14/Jan/2021:15:16:30 +0000] "POST /reset-password HTTP/1.1" 302 104
::1 - - [14/Jan/2021:15:16:30 +0000] "GET /500/?err=Token%20not%20found! HTTP/1.1" 200 2901
::1 - - [14/Jan/2021:15:16:31 +0000] "GET /favicon.ico HTTP/1.1" 304 -
::1 - - [14/Jan/2021:15:17:36 +0000] "GET /favicon.ico HTTP/1.1" 304 -
::1 - - [14/Jan/2021:15:17:43 +0000] "POST /reset-password HTTP/1.1" 302 104
::1 - - [14/Jan/2021:15:17:43 +0000] "GET /500/?err=Token%20not%20found! HTTP/1.1" 304 -
::1 - - [14/Jan/2021:15:17:43 +0000] "GET /favicon.ico HTTP/1.1" 304 -
::1 - - [14/Jan/2021:15:18:34 +0000] "GET /favicon.ico HTTP/1.1" 304 -
::1 - - [14/Jan/2021:15:18:51 +0000] "POST /reset-password HTTP/1.1" 302 104
::1 - - [14/Jan/2021:15:18:51 +0000] "GET /500/?err=Token%20not%20found! HTTP/1.1" 304 -
::1 - - [14/Jan/2021:15:18:52 +0000] "GET /favicon.ico HTTP/1.1" 304 -
::1 - - [14/Jan/2021:15:21:06 +0000] "GET /favicon.ico HTTP/1.1" 304 -
::1 - - [14/Jan/2021:15:21:15 +0000] "POST /reset-password HTTP/1.1" 302 104
::1 - - [14/Jan/2021:15:21:15 +0000] "GET /500/?err=Token%20not%20found! HTTP/1.1" 304 -
::1 - - [14/Jan/2021:15:21:15 +0000] "GET /favicon.ico HTTP/1.1" 304 -
::1 - - [14/Jan/2021:15:22:21 +0000] "POST /api/users/forgot-password HTTP/1.1" 200 86
::ffff:127.0.0.1 - - [14/Jan/2021:15:24:54 +0000] "GET /favicon.ico HTTP/1.1" 304 -
::ffff:127.0.0.1 - - [14/Jan/2021:15:25:09 +0000] "POST /reset-password HTTP/1.1" 302 104
::ffff:127.0.0.1 - - [14/Jan/2021:15:25:09 +0000] "GET /500/?err=Token%20not%20found! HTTP/1.1" 304 -
::ffff:127.0.0.1 - - [14/Jan/2021:15:25:09 +0000] "GET /favicon.ico HTTP/1.1" 304 -
::1 - - [14/Jan/2021:15:25:37 +0000] "GET /favicon.ico HTTP/1.1" 304 -
::1 - - [14/Jan/2021:15:25:43 +0000] "POST /reset-password HTTP/1.1" 302 104
::1 - - [14/Jan/2021:15:25:43 +0000] "GET /500/?err=Token%20not%20found! HTTP/1.1" 304 -
::1 - - [14/Jan/2021:15:25:44 +0000] "GET /favicon.ico HTTP/1.1" 304 -
::1 - - [14/Jan/2021:15:26:11 +0000] "GET /favicon.ico HTTP/1.1" 304 -
::1 - - [14/Jan/2021:15:26:17 +0000] "POST /reset-password HTTP/1.1" 302 104
::1 - - [14/Jan/2021:15:26:17 +0000] "GET /500/?err=Token%20not%20found! HTTP/1.1" 304 -
::1 - - [14/Jan/2021:15:26:17 +0000] "GET /favicon.ico HTTP/1.1" 304 -
::1 - - [14/Jan/2021:15:27:24 +0000] "GET /favicon.ico HTTP/1.1" 304 -
::1 - - [14/Jan/2021:15:27:39 +0000] "POST /reset-password HTTP/1.1" 302 104
::1 - - [14/Jan/2021:15:27:39 +0000] "GET /500/?err=Token%20not%20found! HTTP/1.1" 304 -
::1 - - [14/Jan/2021:15:27:40 +0000] "GET /favicon.ico HTTP/1.1" 304 -
::1 - - [14/Jan/2021:15:27:51 +0000] "GET /favicon.ico HTTP/1.1" 304 -
::1 - - [14/Jan/2021:15:28:06 +0000] "GET /reset-password/NjUyNzkx HTTP/1.1" 200 5610
::1 - - [14/Jan/2021:15:28:06 +0000] "GET /favicon.ico HTTP/1.1" 304 -
::1 - - [14/Jan/2021:15:29:40 +0000] "POST /api/users/forgot-password HTTP/1.1" 200 86
::1 - - [14/Jan/2021:15:29:49 +0000] "GET /favicon.ico HTTP/1.1" 304 -
::1 - - [14/Jan/2021:15:29:51 +0000] "GET /reset-password/ODk3OTU2 HTTP/1.1" 200 5610
::1 - - [14/Jan/2021:15:29:51 +0000] "GET /favicon.ico HTTP/1.1" 304 -
::1 - - [14/Jan/2021:15:30:01 +0000] "POST /reset-password HTTP/1.1" 302 148
::1 - - [14/Jan/2021:15:30:01 +0000] "GET /reset-password/ODk3OTU2?success=Password%20Resetted HTTP/1.1" 200 5798
::1 - - [14/Jan/2021:15:30:01 +0000] "GET /favicon.ico HTTP/1.1" 304 -
::1 - - [14/Jan/2021:15:30:04 +0000] "GET / HTTP/1.1" 304 -
::1 - - [14/Jan/2021:15:30:04 +0000] "GET /favicon.ico HTTP/1.1" 304 -
::1 - - [14/Jan/2021:15:30:15 +0000] "POST /api/users/login HTTP/1.1" 200 1216
::1 - - [14/Jan/2021:15:30:25 +0000] "POST /api/users/forgot-password HTTP/1.1" 200 86
::1 - - [14/Jan/2021:15:30:31 +0000] "GET /favicon.ico HTTP/1.1" 304 -
::1 - - [14/Jan/2021:15:30:33 +0000] "GET /reset-password/NTA3MjM0 HTTP/1.1" 200 5610
::1 - - [14/Jan/2021:15:30:33 +0000] "GET / HTTP/1.1" 304 -
::1 - - [14/Jan/2021:15:30:34 +0000] "GET /favicon.ico HTTP/1.1" 304 -
::1 - - [14/Jan/2021:15:30:36 +0000] "GET /favicon.ico HTTP/1.1" 304 -
::1 - - [14/Jan/2021:15:30:37 +0000] "GET /reset-password/NTA3MjM0 HTTP/1.1" 304 -
::1 - - [14/Jan/2021:15:30:38 +0000] "GET /favicon.ico HTTP/1.1" 304 -
::1 - - [14/Jan/2021:15:30:50 +0000] "POST /reset-password HTTP/1.1" 302 148
::1 - - [14/Jan/2021:15:30:50 +0000] "GET /reset-password/NTA3MjM0?success=Password%20Resetted HTTP/1.1" 200 5798
::1 - - [14/Jan/2021:15:30:50 +0000] "GET /favicon.ico HTTP/1.1" 304 -
::1 - - [14/Jan/2021:15:30:54 +0000] "GET / HTTP/1.1" 304 -
::1 - - [14/Jan/2021:15:30:54 +0000] "GET /favicon.ico HTTP/1.1" 304 -
::1 - - [14/Jan/2021:15:31:05 +0000] "POST /api/users/login HTTP/1.1" 401 59
::1 - - [14/Jan/2021:15:31:13 +0000] "POST /api/users/login HTTP/1.1" 401 59
::1 - - [14/Jan/2021:15:31:19 +0000] "POST /api/users/login HTTP/1.1" 401 59
::1 - - [14/Jan/2021:15:31:35 +0000] "POST /api/users/forgot-password HTTP/1.1" 200 86
::1 - - [14/Jan/2021:15:31:49 +0000] "POST /api/users/login HTTP/1.1" 401 59
::1 - - [14/Jan/2021:15:31:54 +0000] "POST /api/users/login HTTP/1.1" 200 1216
::1 - - [14/Jan/2021:15:37:55 +0000] "POST /api/users/forgot-password HTTP/1.1" 409 108
::1 - - [14/Jan/2021:15:38:08 +0000] "GET /favicon.ico HTTP/1.1" 304 -
::1 - - [14/Jan/2021:15:38:09 +0000] "GET /reset-password/NTc4MTkw HTTP/1.1" 200 5610
::1 - - [14/Jan/2021:15:38:10 +0000] "GET /favicon.ico HTTP/1.1" 304 -
::1 - - [14/Jan/2021:15:38:20 +0000] "POST /reset-password HTTP/1.1" 302 148
::1 - - [14/Jan/2021:15:38:20 +0000] "GET /reset-password/NTc4MTkw?success=Password%20Resetted HTTP/1.1" 200 5798
::1 - - [14/Jan/2021:15:38:21 +0000] "GET /favicon.ico HTTP/1.1" 304 -
::1 - - [14/Jan/2021:15:38:24 +0000] "GET / HTTP/1.1" 304 -
::1 - - [14/Jan/2021:15:38:24 +0000] "GET /favicon.ico HTTP/1.1" 304 -
::1 - - [14/Jan/2021:15:38:35 +0000] "POST /api/users/login HTTP/1.1" 200 1216
::1 - - [14/Jan/2021:15:38:52 +0000] "POST /api/users/login HTTP/1.1" 401 59
::1 - - [14/Jan/2021:15:40:38 +0000] "POST /api/users/login HTTP/1.1" 200 1216
::1 - - [14/Jan/2021:15:44:40 +0000] "GET /console/logs HTTP/1.1" 200 38613
::1 - - [14/Jan/2021:15:45:07 +0000] "GET /console/health HTTP/1.1" 200 16
